android/build/intermediates/manifest_merge_blame_file/debug/processDebugMainManifest/manifest-merger-blame-debug-report.txt
1<?xml version="1.0" encoding="utf-8"?>
2<manifest xmlns:android="http://schemas.android.com/apk/res/android"
3    package="com.syncengine.hub"
4    android:versionCode="1"
5    android:versionName="1.0.0" >
6
7    <uses-sdk
8        android:minSdkVersion="26"
9        android:targetSdkVersion="35" />
10
11    <uses-permission android:name="android.permission.INTERNET" />
11-->src\main\AndroidManifest.xml:4:5-67
11-->src\main\AndroidManifest.xml:4:22-64
12    <uses-permission android:name="android.permission.ACCESS_NETWORK_STATE" />
12-->src\main\AndroidManifest.xml:5:5-79
12-->src\main\AndroidManifest.xml:5:22-76
13    <uses-permission android:name="android.permission.WAKE_LOCK" />
13-->[androidx.work:work-runtime:2.7.1] AndroidManifest.xml:25:5-68
13-->[androidx.work:work-runtime:2.7.1] AndroidManifest.xml:25:22-65
14    <uses-permission android:name="android.permission.RECEIVE_BOOT_COMPLETED" />
14-->[androidx.work:work-runtime:2.7.1] AndroidManifest.xml:27:5-81
14-->[androidx.work:work-runtime:2.7.1] AndroidManifest.xml:27:22-78
15    <uses-permission android:name="android.permission.FOREGROUND_SERVICE" />
15-->[androidx.work:work-runtime:2.7.1] AndroidManifest.xml:28:5-77
15-->[androidx.work:work-runtime:2.7.1] AndroidManifest.xml:28:22-74
16
17    <permission
17-->[androidx.core:core:1.15.0] AndroidManifest.xml:22:5-24:47
18        android:name="com.syncengine.hub.DYNAMIC_RECEIVER_NOT_EXPORTED_PERMISSION"
18-->[androidx.core:core:1.15.0] AndroidManifest.xml:23:9-81
19        android:protectionLevel="signature" />
19-->[androidx.core:core:1.15.0] AndroidManifest.xml:24:9-44
20
21    <uses-permission android:name="com.syncengine.hub.DYNAMIC_RECEIVER_NOT_EXPORTED_PERMISSION" />
21-->[androidx.core:core:1.15.0] AndroidManifest.xml:26:5-97
21-->[androidx.core:core:1.15.0] AndroidManifest.xml:26:22-94
22
23    <application
23-->src\main\AndroidManifest.xml:7:5-27:19
24        android:allowBackup="true"
24-->src\main\AndroidManifest.xml:8:9-35
25        android:appComponentFactory="androidx.core.app.CoreComponentFactory"
25-->[androidx.core:core:1.15.0] AndroidManifest.xml:28:18-86
26        android:debuggable="true"
27        android:extractNativeLibs="false"
28        android:icon="@android:drawable/sym_def_app_icon"
28-->src\main\AndroidManifest.xml:9:9-58
29        android:label="Sync Engine Hub"
29-->src\main\AndroidManifest.xml:10:9-40
30        android:roundIcon="@android:drawable/sym_def_app_icon"
30-->src\main\AndroidManifest.xml:11:9-63
31        android:supportsRtl="true"
31-->src\main\AndroidManifest.xml:12:9-35
32        android:theme="@android:style/Theme.Material.NoActionBar"
32-->src\main\AndroidManifest.xml:14:9-66
33        android:usesCleartextTraffic="true" >
33-->src\main\AndroidManifest.xml:13:9-44
34        <activity
34-->src\main\AndroidManifest.xml:16:9-25:20
35            android:name="com.syncengine.hub.MainActivity"
35-->src\main\AndroidManifest.xml:17:13-41
36            android:configChanges="orientation|screenSize|screenLayout|keyboardHidden"
36-->src\main\AndroidManifest.xml:19:13-87
37            android:exported="true"
37-->src\main\AndroidManifest.xml:18:13-36
38            android:windowSoftInputMode="adjustResize" >
38-->src\main\AndroidManifest.xml:20:13-55
39            <intent-filter>
39-->src\main\AndroidManifest.xml:21:13-24:29
40                <action android:name="android.intent.action.MAIN" />
40-->src\main\AndroidManifest.xml:22:17-69
40-->src\main\AndroidManifest.xml:22:25-66
41
42                <category android:name="android.intent.category.LAUNCHER" />
42-->src\main\AndroidManifest.xml:23:17-77
42-->src\main\AndroidManifest.xml:23:27-74
43            </intent-filter>
44        </activity>
45
46        <receiver
46-->[:widget] AndroidManifest.xml:8:9-19:20
47            android:name="com.syncengine.hub.widget.HourWidgetProvider"
47-->[:widget] AndroidManifest.xml:9:13-72
48            android:exported="true"
48-->[:widget] AndroidManifest.xml:10:13-36
49            android:label="@string/widget_hour_name" >
49-->[:widget] AndroidManifest.xml:11:13-53
50            <intent-filter>
50-->[:widget] AndroidManifest.xml:12:13-14:29
51                <action android:name="android.appwidget.action.APPWIDGET_UPDATE" />
51-->[:widget] AndroidManifest.xml:13:17-84
51-->[:widget] AndroidManifest.xml:13:25-81
52            </intent-filter>
53
54            <meta-data
54-->[:widget] AndroidManifest.xml:16:13-18:60
55                android:name="android.appwidget.provider"
55-->[:widget] AndroidManifest.xml:17:17-58
56                android:resource="@xml/hour_widget_info" />
56-->[:widget] AndroidManifest.xml:18:17-57
57        </receiver>
58        <receiver
58-->[:widget] AndroidManifest.xml:20:9-31:20
59            android:name="com.syncengine.hub.widget.HubGlanceWidgetReceiver"
59-->[:widget] AndroidManifest.xml:21:13-77
60            android:exported="true"
60-->[:widget] AndroidManifest.xml:22:13-36
61            android:label="Sync Engine Hub Widget" >
61-->[:widget] AndroidManifest.xml:23:13-51
62            <intent-filter>
62-->[:widget] AndroidManifest.xml:12:13-14:29
63                <action android:name="android.appwidget.action.APPWIDGET_UPDATE" />
63-->[:widget] AndroidManifest.xml:13:17-84
63-->[:widget] AndroidManifest.xml:13:25-81
64            </intent-filter>
65
66            <meta-data
66-->[:widget] AndroidManifest.xml:16:13-18:60
67                android:name="android.appwidget.provider"
67-->[:widget] AndroidManifest.xml:17:17-58
68                android:resource="@xml/hub_widget_info" />
68-->[:widget] AndroidManifest.xml:18:17-57
69        </receiver>
70
71        <activity
71-->[androidx.glance:glance-appwidget:1.1.1] AndroidManifest.xml:23:9-28:62
72            android:name="androidx.glance.appwidget.action.ActionTrampolineActivity"
72-->[androidx.glance:glance-appwidget:1.1.1] AndroidManifest.xml:24:13-85
73            android:enabled="true"
73-->[androidx.glance:glance-appwidget:1.1.1] AndroidManifest.xml:25:13-35
74            android:excludeFromRecents="true"
74-->[androidx.glance:glance-appwidget:1.1.1] AndroidManifest.xml:26:13-46
75            android:exported="false"
75-->[androidx.glance:glance-appwidget:1.1.1] AndroidManifest.xml:27:13-37
76            android:theme="@android:style/Theme.NoDisplay" />
76-->[androidx.glance:glance-appwidget:1.1.1] AndroidManifest.xml:28:13-59
77        <activity
77-->[androidx.glance:glance-appwidget:1.1.1] AndroidManifest.xml:29:9-36:81
78            android:name="androidx.glance.appwidget.action.InvisibleActionTrampolineActivity"
78-->[androidx.glance:glance-appwidget:1.1.1] AndroidManifest.xml:30:13-94
79            android:enabled="true"
79-->[androidx.glance:glance-appwidget:1.1.1] AndroidManifest.xml:31:13-35
80            android:exported="false"
80-->[androidx.glance:glance-appwidget:1.1.1] AndroidManifest.xml:32:13-37
81            android:launchMode="singleInstance"
81-->[androidx.glance:glance-appwidget:1.1.1] AndroidManifest.xml:33:13-48
82            android:noHistory="true"
82-->[androidx.glance:glance-appwidget:1.1.1] AndroidManifest.xml:34:13-37
83            android:taskAffinity="androidx.glance.appwidget.ListAdapterCallbackTrampoline"
83-->[androidx.glance:glance-appwidget:1.1.1] AndroidManifest.xml:35:13-91
84            android:theme="@style/Widget.Glance.AppWidget.CallbackTrampoline" />
84-->[androidx.glance:glance-appwidget:1.1.1] AndroidManifest.xml:36:13-78
85
86        <receiver
86-->[androidx.glance:glance-appwidget:1.1.1] AndroidManifest.xml:38:9-41:40
87            android:name="androidx.glance.appwidget.action.ActionCallbackBroadcastReceiver"
87-->[androidx.glance:glance-appwidget:1.1.1] AndroidManifest.xml:39:13-92
88            android:enabled="true"
88-->[androidx.glance:glance-appwidget:1.1.1] AndroidManifest.xml:40:13-35
89            android:exported="false" />
89-->[androidx.glance:glance-appwidget:1.1.1] AndroidManifest.xml:41:13-37
90        <receiver
90-->[androidx.glance:glance-appwidget:1.1.1] AndroidManifest.xml:42:9-45:40
91            android:name="androidx.glance.appwidget.UnmanagedSessionReceiver"
91-->[androidx.glance:glance-appwidget:1.1.1] AndroidManifest.xml:43:13-78
92            android:enabled="true"
92-->[androidx.glance:glance-appwidget:1.1.1] AndroidManifest.xml:44:13-35
93            android:exported="false" />
93-->[androidx.glance:glance-appwidget:1.1.1] AndroidManifest.xml:45:13-37
94        <receiver
94-->[androidx.glance:glance-appwidget:1.1.1] AndroidManifest.xml:46:9-53:20
95            android:name="androidx.glance.appwidget.MyPackageReplacedReceiver"
95-->[androidx.glance:glance-appwidget:1.1.1] AndroidManifest.xml:47:13-79
96            android:enabled="true"
96-->[androidx.glance:glance-appwidget:1.1.1] AndroidManifest.xml:48:13-35
97            android:exported="false" >
97-->[androidx.glance:glance-appwidget:1.1.1] AndroidManifest.xml:49:13-37
98            <intent-filter>
98-->[androidx.glance:glance-appwidget:1.1.1] AndroidManifest.xml:50:13-52:29
99                <action android:name="android.intent.action.MY_PACKAGE_REPLACED" />
99-->[androidx.glance:glance-appwidget:1.1.1] AndroidManifest.xml:51:17-84
99-->[androidx.glance:glance-appwidget:1.1.1] AndroidManifest.xml:51:25-81
100            </intent-filter>
101        </receiver>
102
103        <service
103-->[androidx.glance:glance-appwidget:1.1.1] AndroidManifest.xml:55:9-58:72
104            android:name="androidx.glance.appwidget.GlanceRemoteViewsService"
104-->[androidx.glance:glance-appwidget:1.1.1] AndroidManifest.xml:56:13-78
105            android:exported="true"
105-->[androidx.glance:glance-appwidget:1.1.1] AndroidManifest.xml:57:13-36
106            android:permission="android.permission.BIND_REMOTEVIEWS" />
106-->[androidx.glance:glance-appwidget:1.1.1] AndroidManifest.xml:58:13-69
107
108        <activity
108-->[androidx.compose.ui:ui-tooling-android:1.7.5] AndroidManifest.xml:23:9-25:39
109            android:name="androidx.compose.ui.tooling.PreviewActivity"
109-->[androidx.compose.ui:ui-tooling-android:1.7.5] AndroidManifest.xml:24:13-71
110            android:exported="true" />
110-->[androidx.compose.ui:ui-tooling-android:1.7.5] AndroidManifest.xml:25:13-36
111        <activity
111-->[androidx.compose.ui:ui-test-manifest:1.7.5] AndroidManifest.xml:23:9-25:39
112            android:name="androidx.activity.ComponentActivity"
112-->[androidx.compose.ui:ui-test-manifest:1.7.5] AndroidManifest.xml:24:13-63
113            android:exported="true" />
113-->[androidx.compose.ui:ui-test-manifest:1.7.5] AndroidManifest.xml:25:13-36
114
115        <provider
115-->[androidx.work:work-runtime:2.7.1] AndroidManifest.xml:31:9-39:20
116            android:name="androidx.startup.InitializationProvider"
116-->[androidx.work:work-runtime:2.7.1] AndroidManifest.xml:32:13-67
117            android:authorities="com.syncengine.hub.androidx-startup"
117-->[androidx.work:work-runtime:2.7.1] AndroidManifest.xml:33:13-68
118            android:exported="false" >
118-->[androidx.work:work-runtime:2.7.1] AndroidManifest.xml:34:13-37
119            <meta-data
119-->[androidx.work:work-runtime:2.7.1] AndroidManifest.xml:36:13-38:52
120                android:name="androidx.work.WorkManagerInitializer"
120-->[androidx.work:work-runtime:2.7.1] AndroidManifest.xml:37:17-68
121                android:value="androidx.startup" />
121-->[androidx.work:work-runtime:2.7.1] AndroidManifest.xml:38:17-49
122            <meta-data
122-->[androidx.emoji2:emoji2:1.3.0] AndroidManifest.xml:29:13-31:52
123                android:name="androidx.emoji2.text.EmojiCompatInitializer"
123-->[androidx.emoji2:emoji2:1.3.0] AndroidManifest.xml:30:17-75
124                android:value="androidx.startup" />
124-->[androidx.emoji2:emoji2:1.3.0] AndroidManifest.xml:31:17-49
125            <meta-data
125-->[androidx.lifecycle:lifecycle-process:2.8.7] AndroidManifest.xml:29:13-31:52
126                android:name="androidx.lifecycle.ProcessLifecycleInitializer"
126-->[androidx.lifecycle:lifecycle-process:2.8.7] AndroidManifest.xml:30:17-78
127                android:value="androidx.startup" />
127-->[androidx.lifecycle:lifecycle-process:2.8.7] AndroidManifest.xml:31:17-49
128            <meta-data
128-->[androidx.profileinstaller:profileinstaller:1.3.1] AndroidManifest.xml:29:13-31:52
129                android:name="androidx.profileinstaller.ProfileInstallerInitializer"
129-->[androidx.profileinstaller:profileinstaller:1.3.1] AndroidManifest.xml:30:17-85
130                android:value="androidx.startup" />
130-->[androidx.profileinstaller:profileinstaller:1.3.1] AndroidManifest.xml:31:17-49
131        </provider>
132
133        <service
133-->[androidx.work:work-runtime:2.7.1] AndroidManifest.xml:41:9-46:35
134            android:name="androidx.work.impl.background.systemalarm.SystemAlarmService"
134-->[androidx.work:work-runtime:2.7.1] AndroidManifest.xml:42:13-88
135            android:directBootAware="false"
135-->[androidx.work:work-runtime:2.7.1] AndroidManifest.xml:43:13-44
136            android:enabled="@bool/enable_system_alarm_service_default"
136-->[androidx.work:work-runtime:2.7.1] AndroidManifest.xml:44:13-72
137            android:exported="false" />
137-->[androidx.work:work-runtime:2.7.1] AndroidManifest.xml:45:13-37
138        <service
138-->[androidx.work:work-runtime:2.7.1] AndroidManifest.xml:47:9-53:35
139            android:name="androidx.work.impl.background.systemjob.SystemJobService"
139-->[androidx.work:work-runtime:2.7.1] AndroidManifest.xml:48:13-84
140            android:directBootAware="false"
140-->[androidx.work:work-runtime:2.7.1] AndroidManifest.xml:49:13-44
141            android:enabled="@bool/enable_system_job_service_default"
141-->[androidx.work:work-runtime:2.7.1] AndroidManifest.xml:50:13-70
142            android:exported="true"
142-->[androidx.work:work-runtime:2.7.1] AndroidManifest.xml:51:13-36
143            android:permission="android.permission.BIND_JOB_SERVICE" />
143-->[androidx.work:work-runtime:2.7.1] AndroidManifest.xml:52:13-69
144        <service
144-->[androidx.work:work-runtime:2.7.1] AndroidManifest.xml:54:9-59:35
145            android:name="androidx.work.impl.foreground.SystemForegroundService"
145-->[androidx.work:work-runtime:2.7.1] AndroidManifest.xml:55:13-81
146            android:directBootAware="false"
146-->[androidx.work:work-runtime:2.7.1] AndroidManifest.xml:56:13-44
147            android:enabled="@bool/enable_system_foreground_service_default"
147-->[androidx.work:work-runtime:2.7.1] AndroidManifest.xml:57:13-77
148            android:exported="false" />
148-->[androidx.work:work-runtime:2.7.1] AndroidManifest.xml:58:13-37
149
150        <receiver
150-->[androidx.work:work-runtime:2.7.1] AndroidManifest.xml:61:9-66:35
151            android:name="androidx.work.impl.utils.ForceStopRunnable$BroadcastReceiver"
151-->[androidx.work:work-runtime:2.7.1] AndroidManifest.xml:62:13-88
152            android:directBootAware="false"
152-->[androidx.work:work-runtime:2.7.1] AndroidManifest.xml:63:13-44
153            android:enabled="true"
153-->[androidx.work:work-runtime:2.7.1] AndroidManifest.xml:64:13-35
154            android:exported="false" />
154-->[androidx.work:work-runtime:2.7.1] AndroidManifest.xml:65:13-37
155        <receiver
155-->[androidx.work:work-runtime:2.7.1] AndroidManifest.xml:67:9-77:20
156            android:name="androidx.work.impl.background.systemalarm.ConstraintProxy$BatteryChargingProxy"
156-->[androidx.work:work-runtime:2.7.1] AndroidManifest.xml:68:13-106
157            android:directBootAware="false"
157-->[androidx.work:work-runtime:2.7.1] AndroidManifest.xml:69:13-44
158            android:enabled="false"
158-->[androidx.work:work-runtime:2.7.1] AndroidManifest.xml:70:13-36
159            android:exported="false" >
159-->[androidx.work:work-runtime:2.7.1] AndroidManifest.xml:71:13-37
160            <intent-filter>
160-->[androidx.work:work-runtime:2.7.1] AndroidManifest.xml:73:13-76:29
161                <action android:name="android.intent.action.ACTION_POWER_CONNECTED" />
161-->[androidx.work:work-runtime:2.7.1] AndroidManifest.xml:74:17-87
161-->[androidx.work:work-runtime:2.7.1] AndroidManifest.xml:74:25-84
162                <action android:name="android.intent.action.ACTION_POWER_DISCONNECTED" />
162-->[androidx.work:work-runtime:2.7.1] AndroidManifest.xml:75:17-90
162-->[androidx.work:work-runtime:2.7.1] AndroidManifest.xml:75:25-87
163            </intent-filter>
164        </receiver>
165        <receiver
165-->[androidx.work:work-runtime:2.7.1] AndroidManifest.xml:78:9-88:20
166            android:name="androidx.work.impl.background.systemalarm.ConstraintProxy$BatteryNotLowProxy"
166-->[androidx.work:work-runtime:2.7.1] AndroidManifest.xml:79:13-104
167            android:directBootAware="false"
167-->[androidx.work:work-runtime:2.7.1] AndroidManifest.xml:80:13-44
168            android:enabled="false"
168-->[androidx.work:work-runtime:2.7.1] AndroidManifest.xml:81:13-36
169            android:exported="false" >
169-->[androidx.work:work-runtime:2.7.1] AndroidManifest.xml:82:13-37
170            <intent-filter>
170-->[androidx.work:work-runtime:2.7.1] AndroidManifest.xml:84:13-87:29
171                <action android:name="android.intent.action.BATTERY_OKAY" />
171-->[androidx.work:work-runtime:2.7.1] AndroidManifest.xml:85:17-77
171-->[androidx.work:work-runtime:2.7.1] AndroidManifest.xml:85:25-74
172                <action android:name="android.intent.action.BATTERY_LOW" />
172-->[androidx.work:work-runtime:2.7.1] AndroidManifest.xml:86:17-76
172-->[androidx.work:work-runtime:2.7.1] AndroidManifest.xml:86:25-73
173            </intent-filter>
174        </receiver>
175        <receiver
175-->[androidx.work:work-runtime:2.7.1] AndroidManifest.xml:89:9-99:20
176            android:name="androidx.work.impl.background.systemalarm.ConstraintProxy$StorageNotLowProxy"
176-->[androidx.work:work-runtime:2.7.1] AndroidManifest.xml:90:13-104
177            android:directBootAware="false"
177-->[androidx.work:work-runtime:2.7.1] AndroidManifest.xml:91:13-44
178            android:enabled="false"
178-->[androidx.work:work-runtime:2.7.1] AndroidManifest.xml:92:13-36
179            android:exported="false" >
179-->[androidx.work:work-runtime:2.7.1] AndroidManifest.xml:93:13-37
180            <intent-filter>
180-->[androidx.work:work-runtime:2.7.1] AndroidManifest.xml:95:13-98:29
181                <action android:name="android.intent.action.DEVICE_STORAGE_LOW" />
181-->[androidx.work:work-runtime:2.7.1] AndroidManifest.xml:96:17-83
181-->[androidx.work:work-runtime:2.7.1] AndroidManifest.xml:96:25-80
182                <action android:name="android.intent.action.DEVICE_STORAGE_OK" />
182-->[androidx.work:work-runtime:2.7.1] AndroidManifest.xml:97:17-82
182-->[androidx.work:work-runtime:2.7.1] AndroidManifest.xml:97:25-79
183            </intent-filter>
184        </receiver>
185        <receiver
185-->[androidx.work:work-runtime:2.7.1] AndroidManifest.xml:100:9-109:20
186            android:name="androidx.work.impl.background.systemalarm.ConstraintProxy$NetworkStateProxy"
186-->[androidx.work:work-runtime:2.7.1] AndroidManifest.xml:101:13-103
187            android:directBootAware="false"
187-->[androidx.work:work-runtime:2.7.1] AndroidManifest.xml:102:13-44
188            android:enabled="false"
188-->[androidx.work:work-runtime:2.7.1] AndroidManifest.xml:103:13-36
189            android:exported="false" >
189-->[androidx.work:work-runtime:2.7.1] AndroidManifest.xml:104:13-37
190            <intent-filter>
190-->[androidx.work:work-runtime:2.7.1] AndroidManifest.xml:106:13-108:29
191                <action android:name="android.net.conn.CONNECTIVITY_CHANGE" />
191-->[androidx.work:work-runtime:2.7.1] AndroidManifest.xml:107:17-79
191-->[androidx.work:work-runtime:2.7.1] AndroidManifest.xml:107:25-76
192            </intent-filter>
193        </receiver>
194        <receiver
194-->[androidx.work:work-runtime:2.7.1] AndroidManifest.xml:110:9-121:20
195            android:name="androidx.work.impl.background.systemalarm.RescheduleReceiver"
195-->[androidx.work:work-runtime:2.7.1] AndroidManifest.xml:111:13-88
196            android:directBootAware="false"
196-->[androidx.work:work-runtime:2.7.1] AndroidManifest.xml:112:13-44
197            android:enabled="false"
197-->[androidx.work:work-runtime:2.7.1] AndroidManifest.xml:113:13-36
198            android:exported="false" >
198-->[androidx.work:work-runtime:2.7.1] AndroidManifest.xml:114:13-37
199            <intent-filter>
199-->[androidx.work:work-runtime:2.7.1] AndroidManifest.xml:116:13-120:29
200                <action android:name="android.intent.action.BOOT_COMPLETED" />
200-->[androidx.work:work-runtime:2.7.1] AndroidManifest.xml:117:17-79
200-->[androidx.work:work-runtime:2.7.1] AndroidManifest.xml:117:25-76
201                <action android:name="android.intent.action.TIME_SET" />
201-->[androidx.work:work-runtime:2.7.1] AndroidManifest.xml:118:17-73
201-->[androidx.work:work-runtime:2.7.1] AndroidManifest.xml:118:25-70
202                <action android:name="android.intent.action.TIMEZONE_CHANGED" />
202-->[androidx.work:work-runtime:2.7.1] AndroidManifest.xml:119:17-81
202-->[androidx.work:work-runtime:2.7.1] AndroidManifest.xml:119:25-78
203            </intent-filter>
204        </receiver>
205        <receiver
205-->[androidx.work:work-runtime:2.7.1] AndroidManifest.xml:122:9-131:20
206            android:name="androidx.work.impl.background.systemalarm.ConstraintProxyUpdateReceiver"
206-->[androidx.work:work-runtime:2.7.1] AndroidManifest.xml:123:13-99
207            android:directBootAware="false"
207-->[androidx.work:work-runtime:2.7.1] AndroidManifest.xml:124:13-44
208            android:enabled="@bool/enable_system_alarm_service_default"
208-->[androidx.work:work-runtime:2.7.1] AndroidManifest.xml:125:13-72
209            android:exported="false" >
209-->[androidx.work:work-runtime:2.7.1] AndroidManifest.xml:126:13-37
210            <intent-filter>
210-->[androidx.work:work-runtime:2.7.1] AndroidManifest.xml:128:13-130:29
211                <action android:name="androidx.work.impl.background.systemalarm.UpdateProxies" />
211-->[androidx.work:work-runtime:2.7.1] AndroidManifest.xml:129:17-98
211-->[androidx.work:work-runtime:2.7.1] AndroidManifest.xml:129:25-95
212            </intent-filter>
213        </receiver>
214        <receiver
214-->[androidx.work:work-runtime:2.7.1] AndroidManifest.xml:132:9-142:20
215            android:name="androidx.work.impl.diagnostics.DiagnosticsReceiver"
215-->[androidx.work:work-runtime:2.7.1] AndroidManifest.xml:133:13-78
216            android:directBootAware="false"
216-->[androidx.work:work-runtime:2.7.1] AndroidManifest.xml:134:13-44
217            android:enabled="true"
217-->[androidx.work:work-runtime:2.7.1] AndroidManifest.xml:135:13-35
218            android:exported="true"
218-->[androidx.work:work-runtime:2.7.1] AndroidManifest.xml:136:13-36
219            android:permission="android.permission.DUMP" >
219-->[androidx.work:work-runtime:2.7.1] AndroidManifest.xml:137:13-57
220            <intent-filter>
220-->[androidx.work:work-runtime:2.7.1] AndroidManifest.xml:139:13-141:29
221                <action android:name="androidx.work.diagnostics.REQUEST_DIAGNOSTICS" />
221-->[androidx.work:work-runtime:2.7.1] AndroidManifest.xml:140:17-88
221-->[androidx.work:work-runtime:2.7.1] AndroidManifest.xml:140:25-85
222            </intent-filter>
223        </receiver>
224
225        <service
225-->[androidx.core:core-remoteviews:1.1.0] AndroidManifest.xml:24:9-27:63
226            android:name="androidx.core.widget.RemoteViewsCompatService"
226-->[androidx.core:core-remoteviews:1.1.0] AndroidManifest.xml:25:13-73
227            android:permission="android.permission.BIND_REMOTEVIEWS" />
227-->[androidx.core:core-remoteviews:1.1.0] AndroidManifest.xml:26:13-69
228
229        <receiver
229-->[androidx.profileinstaller:profileinstaller:1.3.1] AndroidManifest.xml:34:9-52:20
230            android:name="androidx.profileinstaller.ProfileInstallReceiver"
230-->[androidx.profileinstaller:profileinstaller:1.3.1] AndroidManifest.xml:35:13-76
231            android:directBootAware="false"
231-->[androidx.profileinstaller:profileinstaller:1.3.1] AndroidManifest.xml:36:13-44
232            android:enabled="true"
232-->[androidx.profileinstaller:profileinstaller:1.3.1] AndroidManifest.xml:37:13-35
233            android:exported="true"
233-->[androidx.profileinstaller:profileinstaller:1.3.1] AndroidManifest.xml:38:13-36
234            android:permission="android.permission.DUMP" >
234-->[androidx.profileinstaller:profileinstaller:1.3.1] AndroidManifest.xml:39:13-57
235            <intent-filter>
235-->[androidx.profileinstaller:profileinstaller:1.3.1] AndroidManifest.xml:40:13-42:29
236                <action android:name="androidx.profileinstaller.action.INSTALL_PROFILE" />
236-->[androidx.profileinstaller:profileinstaller:1.3.1] AndroidManifest.xml:41:17-91
236-->[androidx.profileinstaller:profileinstaller:1.3.1] AndroidManifest.xml:41:25-88
237            </intent-filter>
238            <intent-filter>
238-->[androidx.profileinstaller:profileinstaller:1.3.1] AndroidManifest.xml:43:13-45:29
239                <action android:name="androidx.profileinstaller.action.SKIP_FILE" />
239-->[androidx.profileinstaller:profileinstaller:1.3.1] AndroidManifest.xml:44:17-85
239-->[androidx.profileinstaller:profileinstaller:1.3.1] AndroidManifest.xml:44:25-82
240            </intent-filter>
241            <intent-filter>
241-->[androidx.profileinstaller:profileinstaller:1.3.1] AndroidManifest.xml:46:13-48:29
242                <action android:name="androidx.profileinstaller.action.SAVE_PROFILE" />
242-->[androidx.profileinstaller:profileinstaller:1.3.1] AndroidManifest.xml:47:17-88
242-->[androidx.profileinstaller:profileinstaller:1.3.1] AndroidManifest.xml:47:25-85
243            </intent-filter>
244            <intent-filter>
244-->[androidx.profileinstaller:profileinstaller:1.3.1] AndroidManifest.xml:49:13-51:29
245                <action android:name="androidx.profileinstaller.action.BENCHMARK_OPERATION" />
245-->[androidx.profileinstaller:profileinstaller:1.3.1] AndroidManifest.xml:50:17-95
245-->[androidx.profileinstaller:profileinstaller:1.3.1] AndroidManifest.xml:50:25-92
246            </intent-filter>
247        </receiver>
248
249        <service
249-->[androidx.room:room-runtime:2.2.5] AndroidManifest.xml:25:9-28:40
250            android:name="androidx.room.MultiInstanceInvalidationService"
250-->[androidx.room:room-runtime:2.2.5] AndroidManifest.xml:26:13-74
251            android:directBootAware="true"
251-->[androidx.room:room-runtime:2.2.5] AndroidManifest.xml:27:13-43
252            android:exported="false" />
252-->[androidx.room:room-runtime:2.2.5] AndroidManifest.xml:28:13-37
253    </application>
254
255</manifest>